<?xml version="1.0" encoding="UTF-8"?>
<!-- Generated by org.testng.reporters.JUnitReportReporter -->
<testsuite hostname="sandeep" failures="0" tests="1" name="testCases.TCRegistrationTest_001_Account" time="2.245" errors="0" timestamp="2025-03-17T20:32:16 IST" skipped="0">
  <testcase classname="testCases.TCRegistrationTest_001_Account" name="verify_account_registration" time="2.245"/>
</testsuite> <!-- testCases.TCRegistrationTest_001_Account -->
