<?xml version="1.0" encoding="UTF-8"?>
<!-- Generated by org.testng.reporters.JUnitReportReporter -->
<testsuite hostname="sandeep" failures="0" tests="1" name="testCases.TC_002_LoginTest" time="1.604" errors="0" timestamp="2025-03-17T20:32:16 IST" skipped="0">
  <testcase classname="testCases.TC_002_LoginTest" name="verify_login" time="1.604"/>
</testsuite> <!-- testCases.TC_002_LoginTest -->
